<?xml version='1.0'?>
<ns2:test-suite xmlns:ns2='urn:model.allure.qatools.yandex.ru' start='1673039052473' stop='1673039062630'>
    <name>OpenCart Login</name>
    <title>OpenCart Login</title>
    <test-cases>
        <test-case start='1673039052473' status='failed' stop='1673039062629'>
            <name>[CP11] No debería iniciar sesión al no ingresar contraseña</name>
            <title>[CP11] No debería iniciar sesión al no ingresar contraseña</title>
            <labels>
                <label name='language' value='javascript'/>
                <label name='framework' value='wdio'/>
                <label name='thread' value='0-0'/>
                <label name='language' value='javascript'/>
                <label name='framework' value='wdio'/>
                <label name='thread' value='0-0'/>
                <label name='language' value='javascript'/>
                <label name='framework' value='wdio'/>
                <label name='thread' value='0-0'/>
                <label name='language' value='javascript'/>
                <label name='framework' value='wdio'/>
                <label name='thread' value='0-0'/>
                <label name='language' value='javascript'/>
                <label name='framework' value='wdio'/>
                <label name='thread' value='0-0'/>
                <label name='language' value='javascript'/>
                <label name='framework' value='wdio'/>
                <label name='thread' value='0-0'/>
            </labels>
            <parameters>
                <parameter kind='argument' name='browser' value='chrome-108.0.5359.125'/>
                <parameter kind='argument' name='browser' value='chrome-108.0.5359.125'/>
                <parameter kind='argument' name='browser' value='chrome-108.0.5359.125'/>
                <parameter kind='argument' name='browser' value='chrome-108.0.5359.125'/>
                <parameter kind='argument' name='browser' value='chrome-108.0.5359.125'/>
                <parameter kind='argument' name='browser' value='chrome-108.0.5359.125'/>
            </parameters>
            <steps>
                <step start='1673039055772' status='passed' stop='1673039055772'>
                    <name>Go to Login Page</name>
                    <title>Go to Login Page</title>
                    <attachments/>
                    <steps/>
                </step>
                <step start='1673039058163' status='passed' stop='1673039058163'>
                    <name>Complete E-Mail Address with: testaccount@testmail.com</name>
                    <title>Complete E-Mail Address with: testaccount@testmail.com</title>
                    <attachments/>
                    <steps/>
                </step>
                <step start='1673039058478' status='passed' stop='1673039058478'>
                    <name>Confirm Login</name>
                    <title>Confirm Login</title>
                    <attachments/>
                    <steps/>
                </step>
                <step start='1673039059223' status='passed' stop='1673039059223'>
                    <name>Go to Login Page</name>
                    <title>Go to Login Page</title>
                    <attachments/>
                    <steps/>
                </step>
                <step start='1673039059917' status='passed' stop='1673039059917'>
                    <name>Complete E-Mail Address with: testaccount2@testmail.com</name>
                    <title>Complete E-Mail Address with: testaccount2@testmail.com</title>
                    <attachments/>
                    <steps/>
                </step>
                <step start='1673039060238' status='passed' stop='1673039060238'>
                    <name>Confirm Login</name>
                    <title>Confirm Login</title>
                    <attachments/>
                    <steps/>
                </step>
                <step start='1673039060965' status='passed' stop='1673039060965'>
                    <name>Go to Login Page</name>
                    <title>Go to Login Page</title>
                    <attachments/>
                    <steps/>
                </step>
                <step start='1673039061620' status='passed' stop='1673039061620'>
                    <name>Complete E-Mail Address with: testaccount3@testmail.com</name>
                    <title>Complete E-Mail Address with: testaccount3@testmail.com</title>
                    <attachments/>
                    <steps/>
                </step>
                <step start='1673039061938' status='passed' stop='1673039061938'>
                    <name>Confirm Login</name>
                    <title>Confirm Login</title>
                    <attachments/>
                    <steps/>
                </step>
            </steps>
            <attachments>
                <attachment title='Screenshot' source='3cf3b198-17c3-4aaa-87a6-c4adae6ac200-attachment.png' type='image/png' size='83536'/>
                <attachment title='Screenshot' source='59c71e8e-df5c-4e8b-b3fe-ce34f4da7736-attachment.png' type='image/png' size='83697'/>
                <attachment title='Screenshot' source='981c34fe-b70e-44c9-948e-05c5095eccd7-attachment.png' type='image/png' size='83711'/>
            </attachments>
            <failure>
                <message>Error: debería mostrarse mensaje de error correpondiente: expected 'Warning: No match for E-Mail Address …' to equal ' Warning: No match for E-Mail Address…'      
                      actual expected
                      
                      ' Warning: No match for E-Mail Address and/or Password.'
                      </message>
                <stack-trace>AssertionError: Error: debería mostrarse mensaje de error correpondiente: expected 'Warning: No match for E-Mail Address …' to equal ' Warning: No match for E-Mail Address…'
                    at Context.&lt;anonymous> (C:\Users\vgs17carge\Documents\GitHub\prueba-final-opencart\tests\/login.test.js:48:24)</stack-trace>
            </failure>
        </test-case>
    </test-cases>
</ns2:test-suite>